============================================================
  PDFgj — 运行日志
  生成时间: 2026-05-01 14:30:00
  命令: python PDFgj.py -wr -y
  工作目录: D:\Documents\批量转PDF
============================================================

工作目录: D:\Documents\批量转PDF

Word 模式：Word 文档转 PDF（递归查找）
找到 5 个 Word 文档

  [信息] Word 版本: 16.0 (COM 常量 wdFormatPDF=17)
  [OK] 项目方案.docx → 项目方案.pdf
  Word→PDF: [████████████████████████░░░░░░░░░░] 1/5 (20.0%)  已用 3s  剩余 13s
  [OK] 会议纪要-20260501.docx → 会议纪要-20260501.pdf
  Word→PDF: [████████████████████████░░░░░░░░░░] 2/5 (40.0%)  已用 7s  剩余 11s
  [OK] 技术规格说明.docx → 技术规格说明.pdf
  Word→PDF: [████████████████████████████░░░░░░░░] 3/5 (60.0%)  已用 11s  剩余 7s
  [失败] 报价单_v3.doc: 文件被其他程序独占锁定，无法读取
  Word→PDF: [████████████████████████████████░░░░░░] 4/5 (80.0%)  已用 15s  剩余 4s
  [OK] 招聘JD-前端工程师.docx → 招聘JD-前端工程师.pdf
  Word→PDF: [████████████████████████████████████████] 5/5 (100.0%)  已用 19s  剩余 0s

完成！成功 4/5
失败 (1): 报价单_v3.doc

============================================================

后续操作示例 — 检查生成的 PDF：

  dir *.pdf                 # 查看所有生成的 PDF
  python PDFgj.py -mro 合集.pdf   # 合并所有 PDF 为一个文件

============================================================
  命令: python PDFgj.py -e -y
  工作目录: D:\Documents\季度报表
============================================================

工作目录: D:\Documents\季度报表

Excel 模式：Excel 表格转 PDF
找到 3 个 Excel 表格

  [信息] Excel 版本: 16.0 (COM 常量 xlTypePDF=0)
  [OK] Q1销售数据.xlsx → Q1销售数据.pdf
  Excel→PDF: [████████████████████████░░░░░░░░░░] 1/3 (33.3%)  已用 5s  剩余 10s
  [OK] 库存盘点表.xlsm → 库存盘点表.pdf
  Excel→PDF: [████████████████████████████████░░░░░░] 2/3 (66.7%)  已用 11s  剩余 5s
  [OK] 人员花名册.xlsx → 人员花名册.pdf
  Excel→PDF: [████████████████████████████████████████] 3/3 (100.0%)  已用 16s  剩余 0s

完成！成功 3/3

============================================================
  命令: python PDFgj.py -gr
  工作目录: D:\Documents\产品图片
============================================================

工作目录: D:\Documents\产品图片

图片模式：灰度 + 递归
找到 12 张图片
支持格式: .bmp, .gif, .jpeg, .jpg, .png, .tif, .tiff, .webp

  [OK] 产品主图.jpg → 产品主图.pdf
  [OK] 细节特写.png → 细节特写.pdf
  [OK] 包装示意图.bmp → 包装示意图.pdf
  [OK] 效果图-webp → 效果图-webp.pdf
  图片→PDF: [████████████████████████████████░░░░░░] 4/12 (33.3%)  已用 3s  剩余 6s
  [OK] logo透明背景.png → logo透明背景.pdf
  [OK] 批次1_01.jpg → 批次1_01.pdf
  [OK] 批次1_02.jpg → 批次1_02.pdf
  [OK] 批次1_03.jpg → 批次1_03.pdf
  图片→PDF: [████████████████████████████████████░░░░] 8/12 (66.7%)  已用 7s  剩余 3s
  [!] 已存在 批次2_01.pdf，覆盖? (y/N): y
  [OK] 批次2_01.jpg → 批次2_01.pdf
  [OK] 批次2_02.jpg → 批次2_02.pdf
  [OK] 批次2_03.jpg → 批次2_03.pdf
  [OK] 批次3_tiff.tif → 批次3_tiff.pdf
  图片→PDF: [████████████████████████████████████████] 12/12 (100.0%)  已用 11s  剩余 0s

完成！成功 12/12

============================================================
  命令: python PDFgj.py -m --sortby ctime -o 全部产品合集.pdf
  工作目录: D:\Documents\产品图片
============================================================

工作目录: D:\Documents\产品图片

合并中: [████████████████████████████████████████] 12/12 (100.0%)  已用 2s  剩余 0s
合并完成！12 个 PDF → 全部产品合集.pdf

============================================================
  常见错误场景
============================================================

# 场景 1：未安装 pywin32
python PDFgj.py -w
> [跳过] 缺少 pywin32 库，无法转换 Word。请运行: pip install pywin32

# 场景 2：未安装 pypdf
python PDFgj.py -m
> 缺少 pypdf 库，无法合并 PDF。请运行: pip install pypdf

# 场景 3：参数冲突
python PDFgj.py -o output.pdf
> 参数错误: -o / --sortby 只能在合并模式 (-m) 下使用

# 场景 4：没有找到文件
python PDFgj.py -e
> 当前目录未找到 Excel 表格 (.xlsx / .xls)

============================================================
日志结束
============================================================
